  [1m[35m (1471.7ms)[0m  [1m[35mCREATE DATABASE "blog_post_development" ENCODING = 'unicode'[0m
  [1m[35m (855.3ms)[0m  [1m[35mCREATE DATABASE "blog_post_test" ENCODING = 'unicode'[0m
  [1m[35m (158.2ms)[0m  [1m[35mCREATE TABLE "schema_migrations" ("version" character varying NOT NULL PRIMARY KEY)[0m
  [1m[35m (196.7ms)[0m  [1m[35mCREATE TABLE "ar_internal_metadata" ("key" character varying NOT NULL PRIMARY KEY, "value" character varying, "created_at" timestamp(6) NOT NULL, "updated_at" timestamp(6) NOT NULL)[0m
  [1m[35m (0.5ms)[0m  [1m[34mSELECT pg_try_advisory_lock(3051841832888526615)[0m
  [1m[35m (0.6ms)[0m  [1m[34mSELECT "schema_migrations"."version" FROM "schema_migrations" ORDER BY "schema_migrations"."version" ASC[0m
Migrating to CreatePosts (20221017070700)
  [1m[35m (0.3ms)[0m  [1m[35mBEGIN[0m
  [1m[35m (135.2ms)[0m  [1m[35mCREATE TABLE "posts" ("id" bigserial primary key, "title" character varying, "content" text, "created_at" timestamp(6) NOT NULL, "updated_at" timestamp(6) NOT NULL)[0m
  [1m[36mActiveRecord::SchemaMigration Create (1.4ms)[0m  [1m[32mINSERT INTO "schema_migrations" ("version") VALUES ($1) RETURNING "version"[0m  [["version", "20221017070700"]]
  [1m[35m (25.8ms)[0m  [1m[35mCOMMIT[0m
Migrating to CreateComments (20221017070810)
  [1m[35m (0.8ms)[0m  [1m[35mBEGIN[0m
  [1m[35m (104.0ms)[0m  [1m[35mCREATE TABLE "comments" ("id" bigserial primary key, "name" character varying, "comment" text, "created_at" timestamp(6) NOT NULL, "updated_at" timestamp(6) NOT NULL)[0m
  [1m[36mActiveRecord::SchemaMigration Create (1.2ms)[0m  [1m[32mINSERT INTO "schema_migrations" ("version") VALUES ($1) RETURNING "version"[0m  [["version", "20221017070810"]]
  [1m[35m (22.6ms)[0m  [1m[35mCOMMIT[0m
Migrating to AddPostIdToComments (20221017071232)
  [1m[35m (0.9ms)[0m  [1m[35mBEGIN[0m
  [1m[35m (1.1ms)[0m  [1m[35mALTER TABLE "comments" ADD "post_id" integer[0m
  [1m[36mActiveRecord::SchemaMigration Create (1.0ms)[0m  [1m[32mINSERT INTO "schema_migrations" ("version") VALUES ($1) RETURNING "version"[0m  [["version", "20221017071232"]]
  [1m[35m (10.8ms)[0m  [1m[35mCOMMIT[0m
  [1m[36mActiveRecord::InternalMetadata Load (0.7ms)[0m  [1m[34mSELECT "ar_internal_metadata".* FROM "ar_internal_metadata" WHERE "ar_internal_metadata"."key" = $1 LIMIT $2[0m  [["key", "environment"], ["LIMIT", 1]]
  [1m[35m (0.2ms)[0m  [1m[35mBEGIN[0m
  [1m[36mActiveRecord::InternalMetadata Create (0.6ms)[0m  [1m[32mINSERT INTO "ar_internal_metadata" ("key", "value", "created_at", "updated_at") VALUES ($1, $2, $3, $4) RETURNING "key"[0m  [["key", "environment"], ["value", "development"], ["created_at", "2022-10-17 07:14:13.848743"], ["updated_at", "2022-10-17 07:14:13.848743"]]
  [1m[35m (3.3ms)[0m  [1m[35mCOMMIT[0m
  [1m[35m (0.3ms)[0m  [1m[34mSELECT pg_advisory_unlock(3051841832888526615)[0m
  [1m[35m (0.7ms)[0m  [1m[34mSELECT "schema_migrations"."version" FROM "schema_migrations" ORDER BY "schema_migrations"."version" ASC[0m
Started GET "/" for ::1 at 2022-10-17 12:48:10 +0530
  [1m[35m (0.6ms)[0m  [1m[34mSELECT "schema_migrations"."version" FROM "schema_migrations" ORDER BY "schema_migrations"."version" ASC[0m
Processing by Rails::WelcomeController#index as HTML
  Rendering /home/saikiran/.rbenv/versions/2.5.1/lib/ruby/gems/2.5.0/gems/railties-6.0.6/lib/rails/templates/rails/welcome/index.html.erb
  Rendered /home/saikiran/.rbenv/versions/2.5.1/lib/ruby/gems/2.5.0/gems/railties-6.0.6/lib/rails/templates/rails/welcome/index.html.erb (Duration: 7.0ms | Allocations: 486)
Completed 200 OK in 19ms (Views: 9.2ms | ActiveRecord: 0.0ms | Allocations: 4115)


Started GET "/favicon.ico" for ::1 at 2022-10-17 12:48:10 +0530
  
ActionController::RoutingError (No route matches [GET] "/favicon.ico"):
  
actionpack (6.0.6) lib/action_dispatch/middleware/debug_exceptions.rb:36:in `call'
actionpack (6.0.6) lib/action_dispatch/middleware/show_exceptions.rb:33:in `call'
railties (6.0.6) lib/rails/rack/logger.rb:37:in `call_app'
railties (6.0.6) lib/rails/rack/logger.rb:26:in `block in call'
activesupport (6.0.6) lib/active_support/tagged_logging.rb:80:in `block in tagged'
activesupport (6.0.6) lib/active_support/tagged_logging.rb:28:in `tagged'
activesupport (6.0.6) lib/active_support/tagged_logging.rb:80:in `tagged'
railties (6.0.6) lib/rails/rack/logger.rb:26:in `call'
actionpack (6.0.6) lib/action_dispatch/middleware/remote_ip.rb:81:in `call'
actionpack (6.0.6) lib/action_dispatch/middleware/request_id.rb:27:in `call'
rack (2.2.4) lib/rack/runtime.rb:22:in `call'
activesupport (6.0.6) lib/active_support/cache/strategy/local_cache_middleware.rb:29:in `call'
actionpack (6.0.6) lib/action_dispatch/middleware/executor.rb:14:in `call'
actionpack (6.0.6) lib/action_dispatch/middleware/static.rb:126:in `call'
rack (2.2.4) lib/rack/sendfile.rb:110:in `call'
actionpack (6.0.6) lib/action_dispatch/middleware/host_authorization.rb:103:in `call'
rack-cors (1.1.1) lib/rack/cors.rb:100:in `call'
railties (6.0.6) lib/rails/engine.rb:527:in `call'
puma (4.3.12) lib/puma/configuration.rb:228:in `call'
puma (4.3.12) lib/puma/server.rb:727:in `handle_request'
puma (4.3.12) lib/puma/server.rb:476:in `process_client'
puma (4.3.12) lib/puma/server.rb:332:in `block in run'
puma (4.3.12) lib/puma/thread_pool.rb:134:in `block in spawn_thread'
  [1m[35m (0.2ms)[0m  [1m[35mBEGIN[0m
  [1m[36mPost Create (0.8ms)[0m  [1m[32mINSERT INTO "posts" ("title", "content", "created_at", "updated_at") VALUES ($1, $2, $3, $4) RETURNING "id"[0m  [["title", "first post"], ["content", "hey there, this is my first post"], ["created_at", "2022-10-17 07:21:22.628214"], ["updated_at", "2022-10-17 07:21:22.628214"]]
  [1m[35m (40.4ms)[0m  [1m[35mCOMMIT[0m
Started GET "/posts" for ::1 at 2022-10-17 12:51:39 +0530
  [1m[35m (0.6ms)[0m  [1m[34mSELECT "schema_migrations"."version" FROM "schema_migrations" ORDER BY "schema_migrations"."version" ASC[0m
Processing by PostsController#index as HTML
  [1m[36mPost Load (0.5ms)[0m  [1m[34mSELECT "posts".* FROM "posts"[0m
  ↳ app/controllers/posts_controller.rb:8:in `index'
Completed 200 OK in 13ms (Views: 6.2ms | ActiveRecord: 4.1ms | Allocations: 6621)


Started GET "/posts" for ::1 at 2022-10-17 15:29:19 +0530
  [1m[35m (0.6ms)[0m  [1m[34mSELECT "schema_migrations"."version" FROM "schema_migrations" ORDER BY "schema_migrations"."version" ASC[0m
Processing by PostsController#index as HTML
  [1m[36mPost Load (0.7ms)[0m  [1m[34mSELECT "posts".* FROM "posts"[0m
  ↳ app/controllers/posts_controller.rb:8:in `index'
Completed 200 OK in 16ms (Views: 8.1ms | ActiveRecord: 5.2ms | Allocations: 6620)


Started GET "/posts" for ::1 at 2022-10-17 15:33:25 +0530
  [1m[35m (0.5ms)[0m  [1m[34mSELECT "schema_migrations"."version" FROM "schema_migrations" ORDER BY "schema_migrations"."version" ASC[0m
Processing by PostsController#index as */*
  [1m[36mPost Load (0.5ms)[0m  [1m[34mSELECT "posts".* FROM "posts"[0m
  ↳ app/controllers/posts_controller.rb:8:in `index'
Completed 200 OK in 14ms (Views: 6.8ms | ActiveRecord: 5.2ms | Allocations: 6623)


Started GET "/posts" for ::1 at 2022-10-17 15:33:31 +0530
Processing by PostsController#index as HTML
  [1m[36mPost Load (1.5ms)[0m  [1m[34mSELECT "posts".* FROM "posts"[0m
  ↳ app/controllers/posts_controller.rb:8:in `index'
Completed 200 OK in 16ms (Views: 12.7ms | ActiveRecord: 1.5ms | Allocations: 1009)


Started GET "/posts" for ::1 at 2022-10-17 15:36:05 +0530
Processing by PostsController#index as */*
  [1m[36mPost Load (0.4ms)[0m  [1m[34mSELECT "posts".* FROM "posts"[0m
  ↳ app/controllers/posts_controller.rb:8:in `index'
Completed 200 OK in 4ms (Views: 2.9ms | ActiveRecord: 0.4ms | Allocations: 992)


Started GET "/posts" for ::1 at 2022-10-17 15:36:15 +0530
Processing by PostsController#index as */*
  [1m[36mPost Load (0.4ms)[0m  [1m[34mSELECT "posts".* FROM "posts"[0m
  ↳ app/controllers/posts_controller.rb:8:in `index'
Completed 200 OK in 3ms (Views: 2.1ms | ActiveRecord: 0.4ms | Allocations: 1010)


Started GET "/posts" for ::1 at 2022-10-17 15:43:03 +0530
Processing by PostsController#index as HTML
  [1m[36mPost Load (0.7ms)[0m  [1m[34mSELECT "posts".* FROM "posts"[0m
  ↳ app/controllers/posts_controller.rb:8:in `index'
Completed 200 OK in 3ms (Views: 2.2ms | ActiveRecord: 0.7ms | Allocations: 1086)


Started GET "/posts" for ::1 at 2022-10-17 15:44:18 +0530
Processing by PostsController#index as HTML
  [1m[36mPost Load (2.1ms)[0m  [1m[34mSELECT "posts".* FROM "posts"[0m
  ↳ app/controllers/posts_controller.rb:8:in `index'
Completed 200 OK in 5ms (Views: 2.5ms | ActiveRecord: 2.1ms | Allocations: 990)


Started GET "/posts" for ::1 at 2022-10-17 15:44:38 +0530
Processing by PostsController#index as HTML
  [1m[36mPost Load (0.6ms)[0m  [1m[34mSELECT "posts".* FROM "posts"[0m
  ↳ app/controllers/posts_controller.rb:8:in `index'
Completed 200 OK in 4ms (Views: 2.7ms | ActiveRecord: 0.6ms | Allocations: 990)


Started GET "/posts" for ::1 at 2022-10-17 15:46:07 +0530
Processing by PostsController#index as HTML
  [1m[36mPost Load (0.4ms)[0m  [1m[34mSELECT "posts".* FROM "posts"[0m
  ↳ app/controllers/posts_controller.rb:8:in `index'
Completed 200 OK in 3ms (Views: 2.4ms | ActiveRecord: 0.4ms | Allocations: 990)


Started GET "/posts" for ::1 at 2022-10-17 17:57:05 +0530
  [1m[35m (1.1ms)[0m  [1m[34mSELECT "schema_migrations"."version" FROM "schema_migrations" ORDER BY "schema_migrations"."version" ASC[0m
Processing by PostsController#index as HTML
  [1m[36mPost Load (2.7ms)[0m  [1m[34mSELECT "posts".* FROM "posts"[0m
  ↳ app/controllers/posts_controller.rb:8:in `index'
Completed 200 OK in 100ms (Views: 34.7ms | ActiveRecord: 35.6ms | Allocations: 6621)


Started GET "/posts" for ::1 at 2022-10-17 17:57:09 +0530
Processing by PostsController#index as HTML
  [1m[36mPost Load (0.7ms)[0m  [1m[34mSELECT "posts".* FROM "posts"[0m
  ↳ app/controllers/posts_controller.rb:8:in `index'
Completed 200 OK in 5ms (Views: 4.2ms | ActiveRecord: 0.7ms | Allocations: 1008)


Started POST "/posts" for ::1 at 2022-10-17 17:58:29 +0530
Processing by PostsController#create as HTML
  Parameters: {"title"=>"second post", "content"=>"this is my second post", "post"=>{"title"=>"second post", "content"=>"this is my second post"}}
  [1m[35m (0.4ms)[0m  [1m[35mBEGIN[0m
  ↳ app/controllers/posts_controller.rb:20:in `create'
  [1m[36mPost Create (0.7ms)[0m  [1m[32mINSERT INTO "posts" ("title", "content", "created_at", "updated_at") VALUES ($1, $2, $3, $4) RETURNING "id"[0m  [["title", "second post"], ["content", "this is my second post"], ["created_at", "2022-10-17 12:28:29.841414"], ["updated_at", "2022-10-17 12:28:29.841414"]]
  ↳ app/controllers/posts_controller.rb:20:in `create'
  [1m[35m (241.7ms)[0m  [1m[35mCOMMIT[0m
  ↳ app/controllers/posts_controller.rb:20:in `create'
Completed 201 Created in 275ms (Views: 4.9ms | ActiveRecord: 242.7ms | Allocations: 3103)


Started GET "/posts" for ::1 at 2022-10-17 17:58:51 +0530
Processing by PostsController#index as HTML
  [1m[36mPost Load (0.4ms)[0m  [1m[34mSELECT "posts".* FROM "posts"[0m
  ↳ app/controllers/posts_controller.rb:8:in `index'
Completed 200 OK in 2ms (Views: 1.6ms | ActiveRecord: 0.4ms | Allocations: 1117)


Started GET "/posts" for ::1 at 2022-10-17 18:02:06 +0530
Processing by PostsController#index as HTML
  [1m[36mPost Load (0.3ms)[0m  [1m[34mSELECT "posts".* FROM "posts"[0m
  ↳ app/controllers/posts_controller.rb:8:in `index'
Completed 200 OK in 3ms (Views: 1.9ms | ActiveRecord: 0.3ms | Allocations: 1136)


Started GET "/posts" for ::1 at 2022-10-17 18:02:16 +0530
Processing by PostsController#index as HTML
  [1m[36mPost Load (0.4ms)[0m  [1m[34mSELECT "posts".* FROM "posts"[0m
  ↳ app/controllers/posts_controller.rb:8:in `index'
Completed 200 OK in 2ms (Views: 1.7ms | ActiveRecord: 0.4ms | Allocations: 1119)


Started GET "/posts" for ::1 at 2022-10-17 18:10:09 +0530
Processing by PostsController#index as HTML
  [1m[36mPost Load (0.7ms)[0m  [1m[34mSELECT "posts".* FROM "posts"[0m
  ↳ app/controllers/posts_controller.rb:8:in `index'
Completed 200 OK in 3ms (Views: 1.7ms | ActiveRecord: 0.7ms | Allocations: 1212)


Started POST "/posts" for ::1 at 2022-10-17 18:10:26 +0530
Processing by PostsController#create as HTML
  Parameters: {"title"=>"third post", "content"=>"this is my third post", "post"=>{"title"=>"third post", "content"=>"this is my third post"}}
  [1m[35m (0.4ms)[0m  [1m[35mBEGIN[0m
  ↳ app/controllers/posts_controller.rb:20:in `create'
  [1m[36mPost Create (1.2ms)[0m  [1m[32mINSERT INTO "posts" ("title", "content", "created_at", "updated_at") VALUES ($1, $2, $3, $4) RETURNING "id"[0m  [["title", "third post"], ["content", "this is my third post"], ["created_at", "2022-10-17 12:40:26.451703"], ["updated_at", "2022-10-17 12:40:26.451703"]]
  ↳ app/controllers/posts_controller.rb:20:in `create'
  [1m[35m (64.4ms)[0m  [1m[35mCOMMIT[0m
  ↳ app/controllers/posts_controller.rb:20:in `create'
Completed 201 Created in 76ms (Views: 0.5ms | ActiveRecord: 66.0ms | Allocations: 2748)


Started GET "/posts" for ::1 at 2022-10-17 18:10:30 +0530
Processing by PostsController#index as HTML
  [1m[36mPost Load (0.4ms)[0m  [1m[34mSELECT "posts".* FROM "posts"[0m
  ↳ app/controllers/posts_controller.rb:8:in `index'
Completed 200 OK in 3ms (Views: 2.4ms | ActiveRecord: 0.4ms | Allocations: 1244)


Started GET "/posts" for ::1 at 2022-10-27 14:55:16 +0530
  [1m[35m (46.9ms)[0m  [1m[34mSELECT "schema_migrations"."version" FROM "schema_migrations" ORDER BY "schema_migrations"."version" ASC[0m
Processing by PostsController#index as HTML
  [1m[36mPost Load (46.7ms)[0m  [1m[34mSELECT "posts".* FROM "posts"[0m
  ↳ app/controllers/posts_controller.rb:8:in `index'
Completed 200 OK in 127ms (Views: 6.6ms | ActiveRecord: 72.7ms | Allocations: 6874)


Started POST "/posts" for ::1 at 2022-10-27 15:03:15 +0530
Processing by PostsController#create as HTML
  Parameters: {"title"=>"fourth post", "content"=>"this is my fourth post", "post"=>{"title"=>"fourth post", "content"=>"this is my fourth post"}}
  [1m[35m (0.3ms)[0m  [1m[35mBEGIN[0m
  ↳ app/controllers/posts_controller.rb:20:in `create'
  [1m[36mPost Create (41.0ms)[0m  [1m[32mINSERT INTO "posts" ("title", "content", "created_at", "updated_at") VALUES ($1, $2, $3, $4) RETURNING "id"[0m  [["title", "fourth post"], ["content", "this is my fourth post"], ["created_at", "2022-10-27 09:33:15.756400"], ["updated_at", "2022-10-27 09:33:15.756400"]]
  ↳ app/controllers/posts_controller.rb:20:in `create'
  [1m[35m (39.5ms)[0m  [1m[35mCOMMIT[0m
  ↳ app/controllers/posts_controller.rb:20:in `create'
Completed 201 Created in 93ms (Views: 2.2ms | ActiveRecord: 80.8ms | Allocations: 3112)


Started POST "/posts" for ::1 at 2022-10-27 15:03:18 +0530
Processing by PostsController#create as HTML
  Parameters: {"title"=>"fourth post", "content"=>"this is my fourth post", "post"=>{"title"=>"fourth post", "content"=>"this is my fourth post"}}
  [1m[35m (1.0ms)[0m  [1m[35mBEGIN[0m
  ↳ app/controllers/posts_controller.rb:20:in `create'
  [1m[36mPost Create (1.7ms)[0m  [1m[32mINSERT INTO "posts" ("title", "content", "created_at", "updated_at") VALUES ($1, $2, $3, $4) RETURNING "id"[0m  [["title", "fourth post"], ["content", "this is my fourth post"], ["created_at", "2022-10-27 09:33:18.471881"], ["updated_at", "2022-10-27 09:33:18.471881"]]
  ↳ app/controllers/posts_controller.rb:20:in `create'
  [1m[35m (39.0ms)[0m  [1m[35mCOMMIT[0m
  ↳ app/controllers/posts_controller.rb:20:in `create'
Completed 201 Created in 69ms (Views: 1.6ms | ActiveRecord: 41.7ms | Allocations: 2763)


Started GET "/posts" for ::1 at 2022-10-27 15:03:25 +0530
Processing by PostsController#index as HTML
  [1m[36mPost Load (0.5ms)[0m  [1m[34mSELECT "posts".* FROM "posts"[0m
  ↳ app/controllers/posts_controller.rb:8:in `index'
Completed 200 OK in 4ms (Views: 2.8ms | ActiveRecord: 0.5ms | Allocations: 1591)


Started GET "/posts" for ::1 at 2022-10-31 13:55:03 +0530
  [1m[35m (69.1ms)[0m  [1m[34mSELECT "schema_migrations"."version" FROM "schema_migrations" ORDER BY "schema_migrations"."version" ASC[0m
Processing by PostsController#index as HTML
  [1m[36mPost Load (46.7ms)[0m  [1m[34mSELECT "posts".* FROM "posts"[0m
  ↳ app/controllers/posts_controller.rb:8:in `index'
Completed 200 OK in 156ms (Views: 10.6ms | ActiveRecord: 72.5ms | Allocations: 7129)


Started GET "/posts" for ::1 at 2022-10-31 13:55:05 +0530
Processing by PostsController#index as HTML
  [1m[36mPost Load (0.6ms)[0m  [1m[34mSELECT "posts".* FROM "posts"[0m
  ↳ app/controllers/posts_controller.rb:8:in `index'
Completed 200 OK in 11ms (Views: 9.9ms | ActiveRecord: 0.6ms | Allocations: 1519)


Started POST "/posts" for ::1 at 2022-10-31 13:56:01 +0530
Processing by PostsController#create as HTML
  Parameters: {"title"=>"fifth post", "content"=>"this is the fifth post", "post"=>{"title"=>"fifth post", "content"=>"this is the fifth post"}}
  [1m[35m (0.6ms)[0m  [1m[35mBEGIN[0m
  ↳ app/controllers/posts_controller.rb:20:in `create'
  [1m[36mPost Create (66.4ms)[0m  [1m[32mINSERT INTO "posts" ("title", "content", "created_at", "updated_at") VALUES ($1, $2, $3, $4) RETURNING "id"[0m  [["title", "fifth post"], ["content", "this is the fifth post"], ["created_at", "2022-10-31 08:26:01.804188"], ["updated_at", "2022-10-31 08:26:01.804188"]]
  ↳ app/controllers/posts_controller.rb:20:in `create'
  [1m[35m (42.3ms)[0m  [1m[35mCOMMIT[0m
  ↳ app/controllers/posts_controller.rb:20:in `create'
Completed 201 Created in 127ms (Views: 2.3ms | ActiveRecord: 109.3ms | Allocations: 3097)


Started GET "/posts" for ::1 at 2022-10-31 13:56:04 +0530
Processing by PostsController#index as HTML
  [1m[36mPost Load (0.3ms)[0m  [1m[34mSELECT "posts".* FROM "posts"[0m
  ↳ app/controllers/posts_controller.rb:8:in `index'
Completed 200 OK in 2ms (Views: 1.9ms | ActiveRecord: 0.3ms | Allocations: 1627)


Started GET "/posts" for ::1 at 2022-10-31 14:16:30 +0530
Processing by PostsController#index as HTML
  [1m[36mPost Load (0.4ms)[0m  [1m[34mSELECT "posts".* FROM "posts"[0m
  ↳ app/controllers/posts_controller.rb:8:in `index'
Completed 200 OK in 4ms (Views: 3.0ms | ActiveRecord: 0.4ms | Allocations: 1626)


Started GET "/posts" for ::1 at 2022-10-31 14:22:03 +0530
Processing by PostsController#index as HTML
  [1m[36mPost Load (0.5ms)[0m  [1m[34mSELECT "posts".* FROM "posts"[0m
  ↳ app/controllers/posts_controller.rb:8:in `index'
Completed 200 OK in 2ms (Views: 1.7ms | ActiveRecord: 0.5ms | Allocations: 1723)


Started GET "/posts" for ::1 at 2022-10-31 14:22:13 +0530
Processing by PostsController#index as HTML
  [1m[36mPost Load (2.2ms)[0m  [1m[34mSELECT "posts".* FROM "posts"[0m
  ↳ app/controllers/posts_controller.rb:8:in `index'
Completed 200 OK in 8ms (Views: 5.0ms | ActiveRecord: 2.2ms | Allocations: 1626)


Started GET "/posts" for ::1 at 2022-10-31 14:22:44 +0530
Processing by PostsController#index as HTML
  [1m[36mPost Load (0.6ms)[0m  [1m[34mSELECT "posts".* FROM "posts"[0m
  ↳ app/controllers/posts_controller.rb:8:in `index'
Completed 200 OK in 5ms (Views: 4.0ms | ActiveRecord: 0.6ms | Allocations: 1626)


Started GET "/posts" for ::1 at 2022-10-31 14:23:55 +0530
Processing by PostsController#index as HTML
  [1m[36mPost Load (1.1ms)[0m  [1m[34mSELECT "posts".* FROM "posts"[0m
  ↳ app/controllers/posts_controller.rb:8:in `index'
Completed 200 OK in 14ms (Views: 12.0ms | ActiveRecord: 1.1ms | Allocations: 1626)


Started GET "/posts" for ::1 at 2022-10-31 14:23:59 +0530
Processing by PostsController#index as HTML
  [1m[36mPost Load (0.9ms)[0m  [1m[34mSELECT "posts".* FROM "posts"[0m
  ↳ app/controllers/posts_controller.rb:8:in `index'
Completed 200 OK in 11ms (Views: 9.7ms | ActiveRecord: 0.9ms | Allocations: 1626)


